<?xml version="1.0" encoding="UTF-8"?>
<!-- Generated by org.testng.reporters.JUnitReportReporter -->
<testsuite hostname="NB1106" failures="0" tests="1" name="tests.GeoVictoria" time="6.375" errors="0" timestamp="2024-09-18T12:16:41 ART" skipped="0">
  <testcase classname="tests.GeoVictoria" name="testCase" time="6.375"/>
  <system-out/>
</testsuite> <!-- tests.GeoVictoria -->
