<?xml version="1.0" encoding="UTF-8"?>
<!-- Generated by org.testng.reporters.JUnitReportReporter -->
<testsuite hostname="NB1106" failures="0" tests="1" name="tests.Test04" time="22.314" errors="0" timestamp="2024-12-04T13:25:19 ART" skipped="0">
  <testcase classname="tests.Test04" name="testCase" time="22.314"/>
  <system-out/>
</testsuite> <!-- tests.Test04 -->
