<?xml version="1.0" encoding="UTF-8"?>
<!-- Generated by org.testng.reporters.JUnitReportReporter -->
<testsuite hostname="NB1106" failures="0" tests="3" name="suites.suiteAgenda" time="57.487" errors="0" timestamp="2025-01-14T17:38:04 ART" skipped="0">
  <testcase classname="suites.suiteAgenda" name="agendarVisita" time="21.818"/>
  <system-out/>
  <testcase classname="suites.suiteAgenda" name="reagendarVisita" time="19.911"/>
  <system-out/>
  <testcase classname="suites.suiteAgenda" name="desAgendarVisita" time="15.758"/>
  <system-out/>
</testsuite> <!-- suites.suiteAgenda -->
