<?xml version="1.0" encoding="UTF-8"?>
<!-- Generated by org.testng.reporters.JUnitReportReporter -->
<testsuite hostname="NB1106" failures="0" tests="1" name="Test.GeoVictoria" time="22.455" errors="0" timestamp="2024-09-17T18:08:17 ART" skipped="0">
  <testcase classname="Test.GeoVictoria" name="testCase" time="22.455"/>
  <system-out/>
</testsuite> <!-- Test.GeoVictoria -->
