<?xml version="1.0" encoding="UTF-8"?>
<!-- Generated by org.testng.reporters.JUnitReportReporter -->
<testsuite hostname="NB1106" failures="0" tests="1" name="tests.suiteAgenda" time="19.079" errors="0" timestamp="2025-01-14T14:39:45 ART" skipped="0">
  <testcase classname="tests.suiteAgenda" name="agendarVisita" time="19.079"/>
  <system-out/>
</testsuite> <!-- tests.suiteAgenda -->
