<?xml version="1.0" encoding="UTF-8"?>
<!-- Generated by org.testng.reporters.JUnitReportReporter -->
<testsuite hostname="NB1106" failures="0" tests="3" name="suites.suiteAgendaDesa" time="59.411" errors="0" timestamp="2025-01-22T12:32:37 ART" skipped="0">
  <testcase classname="suites.suiteAgendaDesa" name="agendarVisita" time="22.086"/>
  <system-out/>
  <testcase classname="suites.suiteAgendaDesa" name="desAgendarVisita" time="16.372"/>
  <system-out/>
  <testcase classname="suites.suiteAgendaDesa" name="reagendarVisita" time="20.953"/>
  <system-out/>
</testsuite> <!-- suites.suiteAgendaDesa -->
