<?xml version="1.0" encoding="UTF-8"?>
<!-- Generated by org.testng.reporters.JUnitReportReporter -->
<testsuite hostname="NB1106" failures="0" tests="1" name="tests.Test04" time="21.277" errors="0" timestamp="2025-01-06T12:29:26 ART" skipped="0">
  <testcase classname="tests.Test04" name="testCase" time="21.277"/>
  <system-out/>
</testsuite> <!-- tests.Test04 -->
