<?xml version="1.0" encoding="UTF-8"?>
<!-- Generated by org.testng.reporters.JUnitReportReporter -->
<testsuite hostname="NB1106" failures="0" tests="1" name="tests.Test03" time="8.302" errors="0" timestamp="2024-10-29T15:31:47 ART" skipped="0">
  <testcase classname="tests.Test03" name="testCase" time="8.302"/>
  <system-out/>
</testsuite> <!-- tests.Test03 -->
