<?xml version="1.0" encoding="UTF-8"?>
<!-- Generated by org.testng.reporters.JUnitReportReporter -->
<testsuite hostname="NB1106" failures="0" tests="1" name="tests.Test02" time="10.153" errors="0" timestamp="2024-09-25T13:51:44 ART" skipped="0">
  <testcase classname="tests.Test02" name="testCase" time="10.153"/>
  <system-out/>
</testsuite> <!-- tests.Test02 -->
