<?xml version="1.0" encoding="UTF-8"?>
<!-- Generated by org.testng.reporters.JUnitReportReporter -->
<testsuite hostname="NB1106" failures="0" tests="1" name="tests.Test01_AgendarVisita" time="22.155" errors="0" timestamp="2025-01-07T11:19:12 ART" skipped="0">
  <testcase classname="tests.Test01_AgendarVisita" name="testCase" time="22.155"/>
  <system-out/>
</testsuite> <!-- tests.Test01_AgendarVisita -->
